<?xml version="1.0" encoding="UTF-8"?>
<!-- Generated by org.testng.reporters.JUnitXMLReporter -->
<testsuite ignored="0" hostname="LAPTOP-7PL3TRUU" failures="0" tests="5" name="BankingApp Test" time="72.426" errors="0" timestamp="2022-01-09T22:41:54 IST">
  <testcase classname="com.inetbanking.testCases.TC_LoginDDT_002" name="loginDDT" time="16.665"/>
  <testcase classname="com.inetbanking.testCases.TC_LoginDDT_002" name="loginDDT" time="12.797"/>
  <testcase classname="com.inetbanking.testCases.TC_LoginDDT_002" name="loginDDT" time="11.841"/>
  <testcase classname="com.inetbanking.testCases.TC_LoginDDT_002" name="loginDDT" time="12.373"/>
  <testcase classname="com.inetbanking.testCases.TC_LoginDDT_002" name="loginDDT" time="12.426"/>
</testsuite> <!-- BankingApp Test -->
