<?xml version="1.0" encoding="UTF-8"?>
<testng-results skipped="0" failed="0" ignored="0" total="1" passed="1">
  <reporter-output>
  </reporter-output>
  <suite name="internetBankingV1" duration-ms="13737" started-at="2022-01-09T23:51:06 IST" finished-at="2022-01-09T23:51:20 IST">
    <groups>
    </groups>
    <test name="BankingApp Test" duration-ms="13737" started-at="2022-01-09T23:51:06 IST" finished-at="2022-01-09T23:51:20 IST">
      <class name="com.inetbanking.testCases.TC_LoginTest_001">
        <test-method status="PASS" signature="setup(java.lang.String)[pri:0, instance:com.inetbanking.testCases.TC_LoginTest_001@7d70d1b1]" name="setup" is-config="true" duration-ms="3177" started-at="2022-01-09T23:51:06 IST" finished-at="2022-01-09T23:51:09 IST">
          <params>
            <param index="0">
              <value>
                <![CDATA[chrome]]>
              </value>
            </param>
          </params>
          <reporter-output>
          </reporter-output>
        </test-method> <!-- setup -->
        <test-method status="PASS" signature="loginTest()[pri:0, instance:com.inetbanking.testCases.TC_LoginTest_001@7d70d1b1]" name="loginTest" duration-ms="9542" started-at="2022-01-09T23:51:10 IST" finished-at="2022-01-09T23:51:19 IST">
          <reporter-output>
          </reporter-output>
        </test-method> <!-- loginTest -->
        <test-method status="PASS" signature="tearDown()[pri:0, instance:com.inetbanking.testCases.TC_LoginTest_001@7d70d1b1]" name="tearDown" is-config="true" duration-ms="787" started-at="2022-01-09T23:51:19 IST" finished-at="2022-01-09T23:51:20 IST">
          <reporter-output>
          </reporter-output>
        </test-method> <!-- tearDown -->
      </class> <!-- com.inetbanking.testCases.TC_LoginTest_001 -->
    </test> <!-- BankingApp Test -->
  </suite> <!-- internetBankingV1 -->
</testng-results>
