<?xml version="1.0" encoding="UTF-8"?>
<testng-results ignored="0" total="5" passed="5" failed="0" skipped="0">
  <reporter-output>
  </reporter-output>
  <suite started-at="2022-01-09T22:40:42 IST" name="internetBankingV1" finished-at="2022-01-09T22:41:54 IST" duration-ms="72426">
    <groups>
    </groups>
    <test started-at="2022-01-09T22:40:42 IST" name="BankingApp Test" finished-at="2022-01-09T22:41:54 IST" duration-ms="72426">
      <class name="com.inetbanking.testCases.TC_LoginDDT_002">
        <test-method is-config="true" signature="setup(java.lang.String)[pri:0, instance:com.inetbanking.testCases.TC_LoginDDT_002@47e2e487]" started-at="2022-01-09T22:40:42 IST" name="setup" finished-at="2022-01-09T22:40:46 IST" duration-ms="3637" status="PASS">
          <params>
            <param index="0">
              <value>
                <![CDATA[chrome]]>
              </value>
            </param>
          </params>
          <reporter-output>
          </reporter-output>
        </test-method> <!-- setup -->
        <test-method signature="loginDDT(java.lang.String,java.lang.String)[pri:0, instance:com.inetbanking.testCases.TC_LoginDDT_002@47e2e487]" started-at="2022-01-09T22:40:48 IST" name="loginDDT" data-provider="LoginData" finished-at="2022-01-09T22:41:05 IST" duration-ms="16665" status="PASS">
          <params>
            <param index="0">
              <value>
                <![CDATA[mngr378936]]>
              </value>
            </param>
            <param index="1">
              <value>
                <![CDATA[UsEhEbe]]>
              </value>
            </param>
          </params>
          <reporter-output>
          </reporter-output>
        </test-method> <!-- loginDDT -->
        <test-method signature="loginDDT(java.lang.String,java.lang.String)[pri:0, instance:com.inetbanking.testCases.TC_LoginDDT_002@47e2e487]" started-at="2022-01-09T22:41:05 IST" name="loginDDT" data-provider="LoginData" finished-at="2022-01-09T22:41:17 IST" duration-ms="12797" status="PASS">
          <params>
            <param index="0">
              <value>
                <![CDATA[mngr378936]]>
              </value>
            </param>
            <param index="1">
              <value>
                <![CDATA[UsEhEbe]]>
              </value>
            </param>
          </params>
          <reporter-output>
          </reporter-output>
        </test-method> <!-- loginDDT -->
        <test-method signature="loginDDT(java.lang.String,java.lang.String)[pri:0, instance:com.inetbanking.testCases.TC_LoginDDT_002@47e2e487]" started-at="2022-01-09T22:41:17 IST" name="loginDDT" data-provider="LoginData" finished-at="2022-01-09T22:41:29 IST" duration-ms="11841" status="PASS">
          <params>
            <param index="0">
              <value>
                <![CDATA[mngr378936]]>
              </value>
            </param>
            <param index="1">
              <value>
                <![CDATA[UsEhEbe]]>
              </value>
            </param>
          </params>
          <reporter-output>
          </reporter-output>
        </test-method> <!-- loginDDT -->
        <test-method signature="loginDDT(java.lang.String,java.lang.String)[pri:0, instance:com.inetbanking.testCases.TC_LoginDDT_002@47e2e487]" started-at="2022-01-09T22:41:29 IST" name="loginDDT" data-provider="LoginData" finished-at="2022-01-09T22:41:42 IST" duration-ms="12373" status="PASS">
          <params>
            <param index="0">
              <value>
                <![CDATA[mngr378936]]>
              </value>
            </param>
            <param index="1">
              <value>
                <![CDATA[UsEhEbe]]>
              </value>
            </param>
          </params>
          <reporter-output>
          </reporter-output>
        </test-method> <!-- loginDDT -->
        <test-method signature="loginDDT(java.lang.String,java.lang.String)[pri:0, instance:com.inetbanking.testCases.TC_LoginDDT_002@47e2e487]" started-at="2022-01-09T22:41:42 IST" name="loginDDT" data-provider="LoginData" finished-at="2022-01-09T22:41:54 IST" duration-ms="12426" status="PASS">
          <params>
            <param index="0">
              <value>
                <![CDATA[mngr378936]]>
              </value>
            </param>
            <param index="1">
              <value>
                <![CDATA[UsEhEbe]]>
              </value>
            </param>
          </params>
          <reporter-output>
          </reporter-output>
        </test-method> <!-- loginDDT -->
        <test-method is-config="true" signature="tearDown()[pri:0, instance:com.inetbanking.testCases.TC_LoginDDT_002@47e2e487]" started-at="2022-01-09T22:41:54 IST" name="tearDown" finished-at="2022-01-09T22:41:54 IST" duration-ms="357" status="PASS">
          <reporter-output>
          </reporter-output>
        </test-method> <!-- tearDown -->
      </class> <!-- com.inetbanking.testCases.TC_LoginDDT_002 -->
    </test> <!-- BankingApp Test -->
  </suite> <!-- internetBankingV1 -->
</testng-results>
